#
# A fatal error has been detected by the Java Runtime Environment:
#
#  SIGSEGV (0xb) at pc=0x000000012d8ce027, pid=15192, tid=0x000000000000d607
#
# JRE version: Java(TM) SE Runtime Environment (8.0_201-b09) (build 1.8.0_201-b09)
# Java VM: Java HotSpot(TM) 64-Bit Server VM (25.201-b09 mixed mode bsd-amd64 compressed oops)
# Problematic frame:
# C  [libawt_lwawt.dylib+0x1c027]  OGLSD_SetScratchSurface+0x49
#
# Failed to write core dump. Core dumps have been disabled. To enable core dumping, try "ulimit -c unlimited" before starting Java again
#
# If you would like to submit a bug report, please visit:
#   http://bugreport.java.com/bugreport/crash.jsp
# The crash happened outside the Java Virtual Machine in native code.
# See problematic frame for where to report the bug.
#

---------------  T H R E A D  ---------------

Current thread (0x00007fd172a41000):  JavaThread "Java2D Queue Flusher" daemon [_thread_in_native, id=54791, stack(0x000070000b10b000,0x000070000b20b000)]

siginfo: si_signo: 11 (SIGSEGV), si_code: 1 (SEGV_MAPERR), si_addr: 0x0000000000000002

Registers:
RAX=0x00000000ffffffff, RBX=0x0000000000000002, RCX=0x0000000000000047, RDX=0x000000012d8efb14
RSP=0x000070000b20a8d0, RBP=0x000070000b20a8f0, RSI=0x00007fd16f68a0b0, RDI=0x00007fd172a411f8
R8 =0x00000000d8006eed, R9 =0xffffffff00000000, R10=0x000000011b70cb78, R11=0x0000000000000020
R12=0x0000000000000000, R13=0x00000006c0022418, R14=0x00007fd172a411f8, R15=0x00007fd172a41000
RIP=0x000000012d8ce027, EFLAGS=0x0000000000010202, ERR=0x0000000000000004
  TRAPNO=0x000000000000000e

Top of Stack: (sp=0x000070000b20a8d0)
0x000070000b20a8d0:   00007fd16f68a0b0 0000000000000000
0x000070000b20a8e0:   00007fd172a39210 00007fd172a41000
0x000070000b20a8f0:   000070000b20a970 000000012d8ef5f2
0x000070000b20a900:   0000000000000064 00007fd16f6a1b28
0x000070000b20a910:   000070000b20a970 000000010ed52a12
0x000070000b20a920:   0000000000000005 00007fd172a41000
0x000070000b20a930:   00000006c0022401 00007fd172a39220
0x000070000b20a940:   000070000020a900 00007fd172a411f8
0x000070000b20a950:   0000000000000000 0000000000000000
0x000070000b20a960:   000070000b20a9c8 00007fd172a41000
0x000070000b20a970:   000070000b20a9c0 000000011b70cbea
0x000070000b20a980:   00000006c0037750 0000000100000000
0x000070000b20a990:   00007fd17d57f2b0 0000000000000001
0x000070000b20a9a0:   000000012d73cb48 0000000000000000
0x000070000b20a9b0:   000070000b20a9d0 00000000d8006eea
0x000070000b20a9c0:   00000000d8006eea 000000011d95caa0
0x000070000b20a9d0:   00000006c0037750 00000006c0022418
0x000070000b20a9e0:   0000000100000000 00000006c0022418
0x000070000b20a9f0:   000070000b20aa20 000070000b20aa90
0x000070000b20aa00:   0000000000000001 0000000000000000
0x000070000b20aa10:   000070000b20aa90 000000011aa8b7a7
0x000070000b20aa20:   00000006c0022418 00000006c00264d0
0x000070000b20aa30:   0000700000001fa0 000000000000000a
0x000070000b20aa40:   00007fd172a41000 0000000000000001
0x000070000b20aa50:   000000011aa8b71f 000000012fe07d00
0x000070000b20aa60:   000070000b20ab28 000070000b20adc0
0x000070000b20aa70:   000000010000000a 000000012fe07d00
0x000070000b20aa80:   000000011aa9eae0 000070000b20ad30
0x000070000b20aa90:   000070000b20ac40 000000010ecf0bea
0x000070000b20aaa0:   0000700000000001 00007fd172a41000
0x000070000b20aab0:   00007fd172a41000 000070000b20adc0
0x000070000b20aac0:   00007fd16f6a1b20 000000011aa9eae0 

Instructions: (pc=0x000000012d8ce027)
0x000000012d8ce007:   c0 e9 82 00 00 00 48 8b 5e 10 48 85 db 75 0e bf
0x000000012d8ce017:   01 00 00 00 48 8d 15 a8 96 03 00 eb d6 49 89 fe
0x000000012d8ce027:   4c 8b 3b 30 c0 e8 ff bc 02 00 49 8b 3f 49 89 c4
0x000000012d8ce037:   48 8b 35 02 29 06 00 30 c0 e8 4d be 02 00 48 85 

Register to memory mapping:

RAX=0x00000000ffffffff is an unknown value
RBX=0x0000000000000002 is an unknown value
RCX=0x0000000000000047 is an unknown value
RDX=0x000000012d8efb14: Java_sun_java2d_opengl_OGLRenderQueue_flushBuffer+0xb5c in /Library/Java/JavaVirtualMachines/jdk1.8.0_201.jdk/Contents/Home/jre/lib/libawt_lwawt.dylib at 0x000000012d8b2000
RSP=0x000070000b20a8d0 is pointing into the stack for thread: 0x00007fd172a41000
RBP=0x000070000b20a8f0 is pointing into the stack for thread: 0x00007fd172a41000
RSI=0x00007fd16f68a0b0 is an unknown value
RDI=0x00007fd172a411f8 is an unknown value
R8 =0x00000000d8006eed is an unknown value
R9 =0xffffffff00000000 is an unknown value
R10=0x000000011b70cb78 is at entry_point+56 in (nmethod*)0x000000011b70c9d0
R11=0x0000000000000020 is an unknown value
R12=0x0000000000000000 is an unknown value
R13=0x00000006c0022418 is an oop
sun.java2d.opengl.OGLRenderQueue$QueueFlusher 
 - klass: 'sun/java2d/opengl/OGLRenderQueue$QueueFlusher'
R14=0x00007fd172a411f8 is an unknown value
R15=0x00007fd172a41000 is a thread


Stack: [0x000070000b10b000,0x000070000b20b000],  sp=0x000070000b20a8d0,  free space=1022k
Native frames: (J=compiled Java code, j=interpreted, Vv=VM code, C=native code)
C  [libawt_lwawt.dylib+0x1c027]  OGLSD_SetScratchSurface+0x49
C  [libawt_lwawt.dylib+0x3d5f2]  Java_sun_java2d_opengl_OGLRenderQueue_flushBuffer+0x63a
J 3983  sun.java2d.opengl.OGLRenderQueue.flushBuffer(JI)V (0 bytes) @ 0x000000011b70cbea [0x000000011b70cb40+0xaa]
J 15961% C2 sun.java2d.opengl.OGLRenderQueue$QueueFlusher.run()V (234 bytes) @ 0x000000011d95caa0 [0x000000011d95c820+0x280]
v  ~StubRoutines::call_stub
V  [libjvm.dylib+0x2f0bea]
V  [libjvm.dylib+0x2f138e]
V  [libjvm.dylib+0x2f153a]
V  [libjvm.dylib+0x34be29]
V  [libjvm.dylib+0x570c33]
V  [libjvm.dylib+0x57232e]
V  [libjvm.dylib+0x48f3ca]
C  [libsystem_pthread.dylib+0x5e65]  _pthread_start+0x94
C  [libsystem_pthread.dylib+0x183b]  thread_start+0xf
C  0x0000000000000000

Java frames: (J=compiled Java code, j=interpreted, Vv=VM code)
J 3983  sun.java2d.opengl.OGLRenderQueue.flushBuffer(JI)V (0 bytes) @ 0x000000011b70cb78 [0x000000011b70cb40+0x38]
J 15961% C2 sun.java2d.opengl.OGLRenderQueue$QueueFlusher.run()V (234 bytes) @ 0x000000011d95caa0 [0x000000011d95c820+0x280]
v  ~StubRoutines::call_stub

---------------  P R O C E S S  ---------------

Java Threads: ( => current thread )
  0x00007fd178cdb000 JavaThread "NanoOffset" daemon [_thread_blocked, id=129543, stack(0x000070000b7cb000,0x000070000b8cb000)]
  0x00007fd16fde8800 JavaThread "DestroyJavaVM" [_thread_blocked, id=6915, stack(0x000070000931f000,0x000070000941f000)]
  0x00007fd16f9d0000 JavaThread "Darcula Animations" daemon [_thread_blocked, id=63771, stack(0x000070000b69d000,0x000070000b79d000)]
  0x00007fd16f9d5800 JavaThread "TimerQueue" daemon [_thread_blocked, id=68707, stack(0x000070000b59a000,0x000070000b69a000)]
  0x00007fd16f9dd000 JavaThread "AWT-EventQueue-0" [_thread_blocked, id=71971, stack(0x000070000b497000,0x000070000b597000)]
  0x00007fd16f9bb800 JavaThread "Java2D Disposer" daemon [_thread_blocked, id=57111, stack(0x000070000b20e000,0x000070000b30e000)]
=>0x00007fd172a41000 JavaThread "Java2D Queue Flusher" daemon [_thread_in_native, id=54791, stack(0x000070000b10b000,0x000070000b20b000)]
  0x00007fd170110000 JavaThread "AWT-Shutdown" [_thread_blocked, id=28963, stack(0x000070000aa67000,0x000070000ab67000)]
  0x00007fd1729fc000 JavaThread "AppKit Thread" daemon [_thread_in_native, id=775, stack(0x00007ffee232b000,0x00007ffee2b2b000)]
  0x00007fd171bc5000 JavaThread "Timer-0" daemon [_thread_blocked, id=22531, stack(0x000070000a964000,0x000070000aa64000)]
  0x00007fd17201f000 JavaThread "Service Thread" daemon [_thread_blocked, id=22019, stack(0x000070000a75e000,0x000070000a85e000)]
  0x00007fd17001e800 JavaThread "C1 CompilerThread3" daemon [_thread_blocked, id=16387, stack(0x000070000a65b000,0x000070000a75b000)]
  0x00007fd17201e000 JavaThread "C2 CompilerThread2" daemon [_thread_blocked, id=16899, stack(0x000070000a558000,0x000070000a658000)]
  0x00007fd17001e000 JavaThread "C2 CompilerThread1" daemon [_thread_blocked, id=16131, stack(0x000070000a455000,0x000070000a555000)]
  0x00007fd172813800 JavaThread "C2 CompilerThread0" daemon [_thread_blocked, id=15619, stack(0x000070000a352000,0x000070000a452000)]
  0x00007fd17200e800 JavaThread "Signal Dispatcher" daemon [_thread_blocked, id=15107, stack(0x000070000a24f000,0x000070000a34f000)]
  0x00007fd17200e000 JavaThread "Finalizer" daemon [_thread_blocked, id=18947, stack(0x000070000a046000,0x000070000a146000)]
  0x00007fd17200d000 JavaThread "Reference Handler" daemon [_thread_blocked, id=12803, stack(0x0000700009f43000,0x000070000a043000)]

Other Threads:
  0x00007fd172006800 VMThread [stack: 0x0000700009e40000,0x0000700009f40000] [id=12547]
  0x00007fd17200f800 WatcherThread [stack: 0x000070000a861000,0x000070000a961000] [id=43267]

VM state:not at safepoint (normal execution)

VM Mutex/Monitor currently owned by a thread: None

heap address: 0x00000006c0000000, size: 4096 MB, Compressed Oops mode: Zero based, Oop shift amount: 3
Narrow klass base: 0x0000000000000000, Narrow klass shift: 3
Compressed class space size: 1073741824 Address: 0x00000007c0000000

Heap:
 PSYoungGen      total 220160K, used 4333K [0x000000076ab00000, 0x000000077c600000, 0x00000007c0000000)
  eden space 218112K, 1% used [0x000000076ab00000,0x000000076ad67590,0x0000000778000000)
  from space 2048K, 91% used [0x000000077c400000,0x000000077c5d4230,0x000000077c600000)
  to   space 6144K, 0% used [0x000000077ba00000,0x000000077ba00000,0x000000077c000000)
 ParOldGen       total 141824K, used 44946K [0x00000006c0000000, 0x00000006c8a80000, 0x000000076ab00000)
  object space 141824K, 31% used [0x00000006c0000000,0x00000006c2be4940,0x00000006c8a80000)
 Metaspace       used 63241K, capacity 64800K, committed 65968K, reserved 1105920K
  class space    used 7951K, capacity 8365K, committed 8624K, reserved 1048576K

Card table byte_map: [0x000000010fd79000,0x000000011057a000] byte_map_base: 0x000000010c779000

Marking Bits: (ParMarkBitMap*) 0x000000010f2fbe40
 Begin Bits: [0x0000000110ad0000, 0x0000000114ad0000)
 End Bits:   [0x0000000114ad0000, 0x0000000118ad0000)

Polling page: 0x000000010d1c1000

CodeCache: size=245760Kb used=48779Kb max_used=48794Kb free=196980Kb
 bounds [0x000000011aa8b000, 0x000000011da8b000, 0x0000000129a8b000]
 total_blobs=13787 nmethods=12723 adapters=975
 compilation: enabled

Compilation events (10 events):
Event: 208196.862 Thread 0x00007fd17001e800 16338       3       sun.lwawt.LWComponentPeer::repaintPeer (45 bytes)
Event: 208196.883 Thread 0x00007fd17001e800 nmethod 16338 0x000000011da5f2d0 code [0x000000011da5f480, 0x000000011da5fab8]
Event: 208196.883 Thread 0x00007fd17001e800 16339       3       sun.lwawt.LWContainerPeer::repaintChildren (86 bytes)
Event: 208196.891 Thread 0x00007fd17001e800 nmethod 16339 0x000000011da7dc10 code [0x000000011da7dea0, 0x000000011da7f3c8]
Event: 209145.412 Thread 0x00007fd17001e800 16340       3       sun.awt.image.VolatileSurfaceManager::getBackupSurface (41 bytes)
Event: 209145.415 Thread 0x00007fd172813800 16341   !   4       java.awt.color.ColorSpace::getInstance (300 bytes)
Event: 209145.416 Thread 0x00007fd17001e800 nmethod 16340 0x000000011da5e210 code [0x000000011da5e400, 0x000000011da5ee28]
Event: 209145.432 Thread 0x00007fd172813800 nmethod 16341 0x000000011da83b90 code [0x000000011da83e00, 0x000000011da84f90]
Event: 209145.441 Thread 0x00007fd17201e000 16342   !   4       sun.java2d.pipe.DrawImage::renderImageXform (713 bytes)
Event: 209145.513 Thread 0x00007fd17201e000 nmethod 16342 0x000000011da854d0 code [0x000000011da857c0, 0x000000011da87fb0]

GC Heap History (10 events):
Event: 186907.947 GC heap before
{Heap before GC invocations=112 (full 49):
 PSYoungGen      total 236544K, used 3106K [0x000000076ab00000, 0x000000077d000000, 0x00000007c0000000)
  eden space 232960K, 0% used [0x000000076ab00000,0x000000076ab00000,0x0000000778e80000)
  from space 3584K, 86% used [0x000000077c380000,0x000000077c688940,0x000000077c700000)
  to   space 6656K, 0% used [0x000000077c980000,0x000000077c980000,0x000000077d000000)
 ParOldGen       total 141824K, used 43311K [0x00000006c0000000, 0x00000006c8a80000, 0x000000076ab00000)
  object space 141824K, 30% used [0x00000006c0000000,0x00000006c2a4bf60,0x00000006c8a80000)
 Metaspace       used 63146K, capacity 64710K, committed 65712K, reserved 1105920K
  class space    used 7948K, capacity 8361K, committed 8624K, reserved 1048576K
Event: 186908.065 GC heap after
Heap after GC invocations=112 (full 49):
 PSYoungGen      total 236544K, used 0K [0x000000076ab00000, 0x000000077d000000, 0x00000007c0000000)
  eden space 232960K, 0% used [0x000000076ab00000,0x000000076ab00000,0x0000000778e80000)
  from space 3584K, 0% used [0x000000077c380000,0x000000077c380000,0x000000077c700000)
  to   space 6656K, 0% used [0x000000077c980000,0x000000077c980000,0x000000077d000000)
 ParOldGen       total 141824K, used 44983K [0x00000006c0000000, 0x00000006c8a80000, 0x000000076ab00000)
  object space 141824K, 31% used [0x00000006c0000000,0x00000006c2bedc48,0x00000006c8a80000)
 Metaspace       used 63146K, capacity 64710K, committed 65712K, reserved 1105920K
  class space    used 7948K, capacity 8361K, committed 8624K, reserved 1048576K
}
Event: 199636.979 GC heap before
{Heap before GC invocations=113 (full 49):
 PSYoungGen      total 236544K, used 232960K [0x000000076ab00000, 0x000000077d000000, 0x00000007c0000000)
  eden space 232960K, 100% used [0x000000076ab00000,0x0000000778e80000,0x0000000778e80000)
  from space 3584K, 0% used [0x000000077c380000,0x000000077c380000,0x000000077c700000)
  to   space 6656K, 0% used [0x000000077c980000,0x000000077c980000,0x000000077d000000)
 ParOldGen       total 141824K, used 44983K [0x00000006c0000000, 0x00000006c8a80000, 0x000000076ab00000)
  object space 141824K, 31% used [0x00000006c0000000,0x00000006c2bedc48,0x00000006c8a80000)
 Metaspace       used 63257K, capacity 64880K, committed 65968K, reserved 1105920K
  class space    used 7957K, capacity 8380K, committed 8624K, reserved 1048576K
Event: 199636.998 GC heap after
Heap after GC invocations=113 (full 49):
 PSYoungGen      total 228864K, used 3475K [0x000000076ab00000, 0x000000077cd00000, 0x00000007c0000000)
  eden space 225280K, 0% used [0x000000076ab00000,0x000000076ab00000,0x0000000778700000)
  from space 3584K, 96% used [0x000000077c980000,0x000000077cce4f50,0x000000077cd00000)
  to   space 6656K, 0% used [0x000000077c000000,0x000000077c000000,0x000000077c680000)
 ParOldGen       total 141824K, used 44991K [0x00000006c0000000, 0x00000006c8a80000, 0x000000076ab00000)
  object space 141824K, 31% used [0x00000006c0000000,0x00000006c2befc48,0x00000006c8a80000)
 Metaspace       used 63257K, capacity 64880K, committed 65968K, reserved 1105920K
  class space    used 7957K, capacity 8380K, committed 8624K, reserved 1048576K
}
Event: 200519.613 GC heap before
{Heap before GC invocations=114 (full 49):
 PSYoungGen      total 228864K, used 42308K [0x000000076ab00000, 0x000000077cd00000, 0x00000007c0000000)
  eden space 225280K, 17% used [0x000000076ab00000,0x000000076d0ec1f8,0x0000000778700000)
  from space 3584K, 96% used [0x000000077c980000,0x000000077cce4f50,0x000000077cd00000)
  to   space 6656K, 0% used [0x000000077c000000,0x000000077c000000,0x000000077c680000)
 ParOldGen       total 141824K, used 44991K [0x00000006c0000000, 0x00000006c8a80000, 0x000000076ab00000)
  object space 141824K, 31% used [0x00000006c0000000,0x00000006c2befc48,0x00000006c8a80000)
 Metaspace       used 63264K, capacity 64886K, committed 65968K, reserved 1105920K
  class space    used 7958K, capacity 8381K, committed 8624K, reserved 1048576K
Event: 200519.622 GC heap after
Heap after GC invocations=114 (full 49):
 PSYoungGen      total 228352K, used 2688K [0x000000076ab00000, 0x000000077ca00000, 0x00000007c0000000)
  eden space 225280K, 0% used [0x000000076ab00000,0x000000076ab00000,0x0000000778700000)
  from space 3072K, 87% used [0x000000077c000000,0x000000077c2a0080,0x000000077c300000)
  to   space 6144K, 0% used [0x000000077c400000,0x000000077c400000,0x000000077ca00000)
 ParOldGen       total 141824K, used 44999K [0x00000006c0000000, 0x00000006c8a80000, 0x000000076ab00000)
  object space 141824K, 31% used [0x00000006c0000000,0x00000006c2bf1c48,0x00000006c8a80000)
 Metaspace       used 63264K, capacity 64886K, committed 65968K, reserved 1105920K
  class space    used 7958K, capacity 8381K, committed 8624K, reserved 1048576K
}
Event: 200519.622 GC heap before
{Heap before GC invocations=115 (full 50):
 PSYoungGen      total 228352K, used 2688K [0x000000076ab00000, 0x000000077ca00000, 0x00000007c0000000)
  eden space 225280K, 0% used [0x000000076ab00000,0x000000076ab00000,0x0000000778700000)
  from space 3072K, 87% used [0x000000077c000000,0x000000077c2a0080,0x000000077c300000)
  to   space 6144K, 0% used [0x000000077c400000,0x000000077c400000,0x000000077ca00000)
 ParOldGen       total 141824K, used 44999K [0x00000006c0000000, 0x00000006c8a80000, 0x000000076ab00000)
  object space 141824K, 31% used [0x00000006c0000000,0x00000006c2bf1c48,0x00000006c8a80000)
 Metaspace       used 63264K, capacity 64886K, committed 65968K, reserved 1105920K
  class space    used 7958K, capacity 8381K, committed 8624K, reserved 1048576K
Event: 200519.844 GC heap after
Heap after GC invocations=115 (full 50):
 PSYoungGen      total 228352K, used 0K [0x000000076ab00000, 0x000000077ca00000, 0x00000007c0000000)
  eden space 225280K, 0% used [0x000000076ab00000,0x000000076ab00000,0x0000000778700000)
  from space 3072K, 0% used [0x000000077c000000,0x000000077c000000,0x000000077c300000)
  to   space 6144K, 0% used [0x000000077c400000,0x000000077c400000,0x000000077ca00000)
 ParOldGen       total 141824K, used 44938K [0x00000006c0000000, 0x00000006c8a80000, 0x000000076ab00000)
  object space 141824K, 31% used [0x00000006c0000000,0x00000006c2be2940,0x00000006c8a80000)
 Metaspace       used 63129K, capacity 64674K, committed 65968K, reserved 1105920K
  class space    used 7929K, capacity 8331K, committed 8624K, reserved 1048576K
}
Event: 211102.265 GC heap before
{Heap before GC invocations=116 (full 50):
 PSYoungGen      total 228352K, used 225280K [0x000000076ab00000, 0x000000077ca00000, 0x00000007c0000000)
  eden space 225280K, 100% used [0x000000076ab00000,0x0000000778700000,0x0000000778700000)
  from space 3072K, 0% used [0x000000077c000000,0x000000077c000000,0x000000077c300000)
  to   space 6144K, 0% used [0x000000077c400000,0x000000077c400000,0x000000077ca00000)
 ParOldGen       total 141824K, used 44938K [0x00000006c0000000, 0x00000006c8a80000, 0x000000076ab00000)
  object space 141824K, 31% used [0x00000006c0000000,0x00000006c2be2940,0x00000006c8a80000)
 Metaspace       used 63241K, capacity 64800K, committed 65968K, reserved 1105920K
  class space    used 7951K, capacity 8365K, committed 8624K, reserved 1048576K
Event: 211102.297 GC heap after
Heap after GC invocations=116 (full 50):
 PSYoungGen      total 220160K, used 1872K [0x000000076ab00000, 0x000000077c600000, 0x00000007c0000000)
  eden space 218112K, 0% used [0x000000076ab00000,0x000000076ab00000,0x0000000778000000)
  from space 2048K, 91% used [0x000000077c400000,0x000000077c5d4230,0x000000077c600000)
  to   space 6144K, 0% used [0x000000077ba00000,0x000000077ba00000,0x000000077c000000)
 ParOldGen       total 141824K, used 44946K [0x00000006c0000000, 0x00000006c8a80000, 0x000000076ab00000)
  object space 141824K, 31% used [0x00000006c0000000,0x00000006c2be4940,0x00000006c8a80000)
 Metaspace       used 63241K, capacity 64800K, committed 65968K, reserved 1105920K
  class space    used 7951K, capacity 8365K, committed 8624K, reserved 1048576K
}

Deoptimization events (10 events):
Event: 145612.762 Thread 0x00007fd16f9dd000 Uncommon trap: reason=bimorphic action=maybe_recompile pc=0x000000011c70bd28 method=javax.swing.text.DefaultCaret.handleSetDot(ILjavax/swing/text/Position$Bias;)V @ 121
Event: 149502.109 Thread 0x00007fd16f9dd000 Uncommon trap: reason=class_check action=maybe_recompile pc=0x000000011d7c1dd0 method=sun.java2d.opengl.OGLRenderer.validateContext(Lsun/java2d/SunGraphics2D;)V @ 23
Event: 155444.120 Thread 0x00007fd16f9dd000 Uncommon trap: reason=class_check action=maybe_recompile pc=0x000000011d7c1dd0 method=sun.java2d.opengl.OGLRenderer.validateContext(Lsun/java2d/SunGraphics2D;)V @ 23
Event: 156781.250 Thread 0x00007fd16f9dd000 Uncommon trap: reason=class_check action=maybe_recompile pc=0x000000011d7c1dd0 method=sun.java2d.opengl.OGLRenderer.validateContext(Lsun/java2d/SunGraphics2D;)V @ 23
Event: 157879.547 Thread 0x00007fd16f9dd000 Uncommon trap: reason=class_check action=maybe_recompile pc=0x000000011d0677a4 method=javax.swing.ToolTipManager.mouseMoved(Ljava/awt/event/MouseEvent;)V @ 26
Event: 160294.633 Thread 0x00007fd16f9dd000 Uncommon trap: reason=unstable_if action=reinterpret pc=0x000000011c1d9f98 method=sun.dc.DuctusRenderingEngine.getAATileGenerator(Ljava/awt/Shape;Ljava/awt/geom/AffineTransform;Lsun/java2d/pipe/Region;Ljava/awt/BasicStroke;ZZ[I)Lsun/java2d/pipe/AATileGene
Event: 160294.634 Thread 0x00007fd16f9dd000 Uncommon trap: reason=unstable_if action=reinterpret pc=0x000000011d2910d0 method=sun.java2d.pipe.AAShapePipe.renderPath(Lsun/java2d/SunGraphics2D;Ljava/awt/Shape;Ljava/awt/BasicStroke;)V @ 69
Event: 160294.634 Thread 0x00007fd16f9dd000 Uncommon trap: reason=unstable_if action=reinterpret pc=0x000000011c8b9ba0 method=sun.java2d.pipe.AAShapePipe.renderPath(Lsun/java2d/SunGraphics2D;Ljava/awt/Shape;Ljava/awt/BasicStroke;)V @ 69
Event: 160294.634 Thread 0x00007fd16f9dd000 Uncommon trap: reason=unstable_if action=reinterpret pc=0x000000011ac810c8 method=sun.java2d.pipe.AAShapePipe.renderPath(Lsun/java2d/SunGraphics2D;Ljava/awt/Shape;Ljava/awt/BasicStroke;)V @ 69
Event: 200520.146 Thread 0x00007fd16f9dd000 Uncommon trap: reason=unstable_if action=reinterpret pc=0x000000011c4faa80 method=javax.swing.AbstractAction.getValue(Ljava/lang/String;)Ljava/lang/Object; @ 18

Classes redefined (0 events):
No events

Internal exceptions (10 events):
Event: 186914.968 Thread 0x00007fd17ade4000 Exception <a 'java/lang/ClassNotFoundException': Script148BeanInfo> (0x000000076c1aa770) thrown at [/Users/java_re/workspace/8-2-build-macosx-x86_64/jdk8u201/12322/hotspot/src/share/vm/classfile/systemDictionary.cpp, line 210]
Event: 186914.968 Thread 0x00007fd17ade4000 Exception <a 'java/lang/ClassNotFoundException': Script148Customizer> (0x000000076c1bbbd8) thrown at [/Users/java_re/workspace/8-2-build-macosx-x86_64/jdk8u201/12322/hotspot/src/share/vm/classfile/systemDictionary.cpp, line 210]
Event: 200515.227 Thread 0x00007fd16f9dd000 Exception <a 'java/lang/ClassNotFoundException': org/apache/jmeter/modifiers/JSR223PreProcessorCustomizer> (0x000000076c440100) thrown at [/Users/java_re/workspace/8-2-build-macosx-x86_64/jdk8u201/12322/hotspot/src/share/vm/classfile/systemDictionary.cpp,
Event: 200519.874 Thread 0x00007fd17ce43800 Exception <a 'java/lang/ClassNotFoundException': Script149BeanInfo> (0x000000076b3fb088) thrown at [/Users/java_re/workspace/8-2-build-macosx-x86_64/jdk8u201/12322/hotspot/src/share/vm/classfile/systemDictionary.cpp, line 210]
Event: 200519.874 Thread 0x00007fd17ce43800 Exception <a 'java/lang/ClassNotFoundException': Script149Customizer> (0x000000076b40c528) thrown at [/Users/java_re/workspace/8-2-build-macosx-x86_64/jdk8u201/12322/hotspot/src/share/vm/classfile/systemDictionary.cpp, line 210]
Event: 200520.146 Thread 0x00007fd16f9dd000 Implicit null exception at 0x000000011c4fa3a8 to 0x000000011c4faa6a
Event: 200520.895 Thread 0x00007fd17ce43800 Exception <a 'java/lang/ClassNotFoundException': Script150BeanInfo> (0x000000076bdfa4e0) thrown at [/Users/java_re/workspace/8-2-build-macosx-x86_64/jdk8u201/12322/hotspot/src/share/vm/classfile/systemDictionary.cpp, line 210]
Event: 200520.895 Thread 0x00007fd17ce43800 Exception <a 'java/lang/ClassNotFoundException': Script150Customizer> (0x000000076be0b948) thrown at [/Users/java_re/workspace/8-2-build-macosx-x86_64/jdk8u201/12322/hotspot/src/share/vm/classfile/systemDictionary.cpp, line 210]
Event: 200521.197 Thread 0x00007fd17ce43800 Exception <a 'java/lang/ClassNotFoundException': Script151BeanInfo> (0x000000076c173298) thrown at [/Users/java_re/workspace/8-2-build-macosx-x86_64/jdk8u201/12322/hotspot/src/share/vm/classfile/systemDictionary.cpp, line 210]
Event: 200521.198 Thread 0x00007fd17ce43800 Exception <a 'java/lang/ClassNotFoundException': Script151Customizer> (0x000000076c184700) thrown at [/Users/java_re/workspace/8-2-build-macosx-x86_64/jdk8u201/12322/hotspot/src/share/vm/classfile/systemDictionary.cpp, line 210]

Events (10 events):
Event: 200521.506 Thread 0x00007fd17ce43800 Thread exited: 0x00007fd17ce43800
Event: 200521.507 Executing VM operation: RevokeBias
Event: 200521.508 Executing VM operation: RevokeBias done
Event: 200521.508 Thread 0x00007fd1791ad000 Thread exited: 0x00007fd1791ad000
Event: 200523.445 Executing VM operation: BulkRevokeBias
Event: 200523.445 Executing VM operation: BulkRevokeBias done
Event: 209145.433 Thread 0x00007fd17001e800 flushing nmethod 0x000000011ace80d0
Event: 209145.516 Thread 0x00007fd17201e000 flushing nmethod 0x000000011ad66390
Event: 211102.265 Executing VM operation: ParallelGCFailedAllocation
Event: 211102.297 Executing VM operation: ParallelGCFailedAllocation done


Dynamic libraries:
0x00007fff32e77000 	/System/Library/Frameworks/Cocoa.framework/Versions/A/Cocoa
0x00007fff40445000 	/System/Library/Frameworks/Security.framework/Versions/A/Security
0x00007fff31e01000 	/System/Library/Frameworks/ApplicationServices.framework/Versions/A/ApplicationServices
0x00007fff6a872000 	/usr/lib/libz.1.dylib
0x00007fff68341000 	/usr/lib/libSystem.B.dylib
0x00007fff6a196000 	/usr/lib/libobjc.A.dylib
0x00007fff33dee000 	/System/Library/Frameworks/CoreFoundation.framework/Versions/A/CoreFoundation
0x00007fff364b3000 	/System/Library/Frameworks/Foundation.framework/Versions/C/Foundation
0x00007fff30ff6000 	/System/Library/Frameworks/AppKit.framework/Versions/C/AppKit
0x00007fff338fa000 	/System/Library/Frameworks/CoreData.framework/Versions/A/CoreData
0x00007fff64be9000 	/System/Library/PrivateFrameworks/UIFoundation.framework/Versions/A/UIFoundation
0x00007fff5f3c5000 	/System/Library/PrivateFrameworks/RemoteViewServices.framework/Versions/A/RemoteViewServices
0x00007fff6767c000 	/System/Library/PrivateFrameworks/XCTTargetBootstrap.framework/Versions/A/XCTTargetBootstrap
0x00007fff33cdd000 	/System/Library/Frameworks/CoreDisplay.framework/Versions/A/CoreDisplay
0x00007fff3922b000 	/System/Library/Frameworks/Metal.framework/Versions/A/Metal
0x00007fff4d7cb000 	/System/Library/PrivateFrameworks/DesktopServicesPriv.framework/Versions/A/DesktopServicesPriv
0x00007fff69477000 	/usr/lib/liblangid.dylib
0x00007fff4c917000 	/System/Library/PrivateFrameworks/CoreSVG.framework/Versions/A/CoreSVG
0x00007fff6218c000 	/System/Library/PrivateFrameworks/SkyLight.framework/Versions/A/SkyLight
0x00007fff34270000 	/System/Library/Frameworks/CoreGraphics.framework/Versions/A/CoreGraphics
0x00007fff2fb95000 	/System/Library/Frameworks/Accelerate.framework/Versions/A/Accelerate
0x00007fff6a763000 	/usr/lib/libxml2.2.dylib
0x00007fff584ef000 	/System/Library/PrivateFrameworks/IconServices.framework/Versions/A/IconServices
0x00007fff36c98000 	/System/Library/Frameworks/IOSurface.framework/Versions/A/IOSurface
0x00007fff67e79000 	/usr/lib/libDiagnosticMessagesClient.dylib
0x00007fff4d644000 	/System/Library/PrivateFrameworks/DFRFoundation.framework/Versions/A/DFRFoundation
0x00007fff69205000 	/usr/lib/libicucore.A.dylib
0x00007fff32133000 	/System/Library/Frameworks/AudioToolbox.framework/Versions/A/AudioToolbox
0x00007fff32215000 	/System/Library/Frameworks/AudioUnit.framework/Versions/A/AudioUnit
0x00007fff68542000 	/usr/lib/libauto.dylib
0x00007fff4d6c5000 	/System/Library/PrivateFrameworks/DataDetectorsCore.framework/Versions/A/DataDetectorsCore
0x00007fff32997000 	/System/Library/Frameworks/Carbon.framework/Versions/A/Frameworks/HIToolbox.framework/Versions/A/HIToolbox
0x00007fff3f676000 	/System/Library/Frameworks/QuartzCore.framework/Versions/A/QuartzCore
0x00007fff32cd6000 	/System/Library/Frameworks/Carbon.framework/Versions/A/Frameworks/SpeechRecognition.framework/Versions/A/SpeechRecognition
0x00007fff4cfca000 	/System/Library/PrivateFrameworks/CoreUI.framework/Versions/A/CoreUI
0x00007fff33360000 	/System/Library/Frameworks/CoreAudio.framework/Versions/A/CoreAudio
0x00007fff3617b000 	/System/Library/Frameworks/DiskArbitration.framework/Versions/A/DiskArbitration
0x00007fff5a504000 	/System/Library/PrivateFrameworks/MultitouchSupport.framework/Versions/A/MultitouchSupport
0x00007fff690cb000 	/usr/lib/libenergytrace.dylib
0x00007fff36bf3000 	/System/Library/Frameworks/IOKit.framework/Versions/A/IOKit
0x00007fff351de000 	/System/Library/Frameworks/CoreServices.framework/Versions/A/CoreServices
0x00007fff5c611000 	/System/Library/PrivateFrameworks/PerformanceAnalysis.framework/Versions/A/PerformanceAnalysis
0x00007fff3e6ac000 	/System/Library/Frameworks/OpenGL.framework/Versions/A/OpenGL
0x00007fff32e85000 	/System/Library/Frameworks/ColorSync.framework/Versions/A/ColorSync
0x00007fff348f7000 	/System/Library/Frameworks/CoreImage.framework/Versions/A/CoreImage
0x00007fff35c54000 	/System/Library/Frameworks/CoreText.framework/Versions/A/CoreText
0x00007fff36d1e000 	/System/Library/Frameworks/ImageIO.framework/Versions/A/ImageIO
0x00007fff68627000 	/usr/lib/libc++.1.dylib
0x00007fff686a3000 	/usr/lib/libcompression.dylib
0x00007fff681bb000 	/usr/lib/libMobileGestalt.dylib
0x00007fff63ccb000 	/System/Library/PrivateFrameworks/TextureIO.framework/Versions/A/TextureIO
0x00007fff684a8000 	/usr/lib/libate.dylib
0x00007fff586f8000 	/System/Library/PrivateFrameworks/InternationalSupport.framework/Versions/A/InternationalSupport
0x00007fff6b2e8000 	/usr/lib/system/libcache.dylib
0x00007fff6b2ee000 	/usr/lib/system/libcommonCrypto.dylib
0x00007fff6b2fa000 	/usr/lib/system/libcompiler_rt.dylib
0x00007fff6b302000 	/usr/lib/system/libcopyfile.dylib
0x00007fff6b30c000 	/usr/lib/system/libcorecrypto.dylib
0x00007fff6b4ba000 	/usr/lib/system/libdispatch.dylib
0x00007fff6b4fc000 	/usr/lib/system/libdyld.dylib
0x00007fff6b532000 	/usr/lib/system/libkeymgr.dylib
0x00007fff6b540000 	/usr/lib/system/liblaunch.dylib
0x00007fff6b541000 	/usr/lib/system/libmacho.dylib
0x00007fff6b547000 	/usr/lib/system/libquarantine.dylib
0x00007fff6b54a000 	/usr/lib/system/libremovefile.dylib
0x00007fff6b54c000 	/usr/lib/system/libsystem_asl.dylib
0x00007fff6b564000 	/usr/lib/system/libsystem_blocks.dylib
0x00007fff6b565000 	/usr/lib/system/libsystem_c.dylib
0x00007fff6b5ed000 	/usr/lib/system/libsystem_configuration.dylib
0x00007fff6b5f1000 	/usr/lib/system/libsystem_coreservices.dylib
0x00007fff6b5f5000 	/usr/lib/system/libsystem_darwin.dylib
0x00007fff6b5fe000 	/usr/lib/system/libsystem_dnssd.dylib
0x00007fff6b606000 	/usr/lib/system/libsystem_featureflags.dylib
0x00007fff6b608000 	/usr/lib/system/libsystem_info.dylib
0x00007fff6b683000 	/usr/lib/system/libsystem_m.dylib
0x00007fff6b6cb000 	/usr/lib/system/libsystem_malloc.dylib
0x00007fff6b6f3000 	/usr/lib/system/libsystem_networkextension.dylib
0x00007fff6b701000 	/usr/lib/system/libsystem_notify.dylib
0x00007fff6b720000 	/usr/lib/system/libsystem_sandbox.dylib
0x00007fff6b725000 	/usr/lib/system/libsystem_secinit.dylib
0x00007fff6b656000 	/usr/lib/system/libsystem_kernel.dylib
0x00007fff6b70b000 	/usr/lib/system/libsystem_platform.dylib
0x00007fff6b715000 	/usr/lib/system/libsystem_pthread.dylib
0x00007fff6b728000 	/usr/lib/system/libsystem_symptoms.dylib
0x00007fff6b730000 	/usr/lib/system/libsystem_trace.dylib
0x00007fff6b748000 	/usr/lib/system/libunwind.dylib
0x00007fff6b74e000 	/usr/lib/system/libxpc.dylib
0x00007fff6867b000 	/usr/lib/libc++abi.dylib
0x00007fff69479000 	/usr/lib/liblzma.5.dylib
0x00007fff690f3000 	/usr/lib/libfakelink.dylib
0x00007fff68435000 	/usr/lib/libarchive.2.dylib
0x00007fff415e7000 	/System/Library/Frameworks/SystemConfiguration.framework/Versions/A/SystemConfiguration
0x00007fff67daa000 	/usr/lib/libCRFSuite.dylib
0x00007fff3258b000 	/System/Library/Frameworks/CFNetwork.framework/Versions/A/CFNetwork
0x00007fff68609000 	/usr/lib/libbsm.0.dylib
0x00007fff6b533000 	/usr/lib/system/libkxld.dylib
0x00007fff470fb000 	/System/Library/PrivateFrameworks/AppleFSCompression.framework/Versions/A/AppleFSCompression
0x00007fff6898a000 	/usr/lib/libcoretls.dylib
0x00007fff689a1000 	/usr/lib/libcoretls_cfhelpers.dylib
0x00007fff6a1da000 	/usr/lib/libpam.2.dylib
0x00007fff6a30d000 	/usr/lib/libsqlite3.dylib
0x00007fff6a750000 	/usr/lib/libxar.1.dylib
0x00007fff6861a000 	/usr/lib/libbz2.1.0.dylib
0x00007fff69114000 	/usr/lib/libiconv.2.dylib
0x00007fff68690000 	/usr/lib/libcharset.1.dylib
0x00007fff69c81000 	/usr/lib/libnetwork.dylib
0x00007fff6a1e1000 	/usr/lib/libpcap.A.dylib
0x00007fff683ea000 	/usr/lib/libapple_nghttp2.dylib
0x00007fff35595000 	/System/Library/Frameworks/CoreServices.framework/Versions/A/Frameworks/FSEvents.framework/Versions/A/FSEvents
0x00007fff35265000 	/System/Library/Frameworks/CoreServices.framework/Versions/A/Frameworks/CarbonCore.framework/Versions/A/CarbonCore
0x00007fff357d8000 	/System/Library/Frameworks/CoreServices.framework/Versions/A/Frameworks/Metadata.framework/Versions/A/Metadata
0x00007fff35871000 	/System/Library/Frameworks/CoreServices.framework/Versions/A/Frameworks/OSServices.framework/Versions/A/OSServices
0x00007fff3589f000 	/System/Library/Frameworks/CoreServices.framework/Versions/A/Frameworks/SearchKit.framework/Versions/A/SearchKit
0x00007fff351df000 	/System/Library/Frameworks/CoreServices.framework/Versions/A/Frameworks/AE.framework/Versions/A/AE
0x00007fff3559e000 	/System/Library/Frameworks/CoreServices.framework/Versions/A/Frameworks/LaunchServices.framework/Versions/A/LaunchServices
0x00007fff35547000 	/System/Library/Frameworks/CoreServices.framework/Versions/A/Frameworks/DictionaryServices.framework/Versions/A/DictionaryServices
0x00007fff35907000 	/System/Library/Frameworks/CoreServices.framework/Versions/A/Frameworks/SharedFileList.framework/Versions/A/SharedFileList
0x00007fff3a500000 	/System/Library/Frameworks/NetFS.framework/Versions/A/NetFS
0x00007fff5aa34000 	/System/Library/PrivateFrameworks/NetAuth.framework/Versions/A/NetAuth
0x00007fff67a47000 	/System/Library/PrivateFrameworks/login.framework/Versions/A/Frameworks/loginsupport.framework/Versions/A/loginsupport
0x00007fff637c6000 	/System/Library/PrivateFrameworks/TCC.framework/Versions/A/TCC
0x00007fff4bce6000 	/System/Library/PrivateFrameworks/CoreNLP.framework/Versions/A/CoreNLP
0x00007fff59f34000 	/System/Library/PrivateFrameworks/MetadataUtilities.framework/Versions/A/MetadataUtilities
0x00007fff69551000 	/usr/lib/libmecabra.dylib
0x00007fff694a9000 	/usr/lib/libmecab.dylib
0x00007fff69104000 	/usr/lib/libgermantok.dylib
0x00007fff683d1000 	/usr/lib/libThaiTokenizer.dylib
0x00007fff67de2000 	/usr/lib/libChineseTokenizer.dylib
0x00007fff2fbad000 	/System/Library/Frameworks/Accelerate.framework/Versions/A/Frameworks/vImage.framework/Versions/A/vImage
0x00007fff30e50000 	/System/Library/Frameworks/Accelerate.framework/Versions/A/Frameworks/vecLib.framework/Versions/A/vecLib
0x00007fff30d94000 	/System/Library/Frameworks/Accelerate.framework/Versions/A/Frameworks/vecLib.framework/Versions/A/libvMisc.dylib
0x00007fff30bba000 	/System/Library/Frameworks/Accelerate.framework/Versions/A/Frameworks/vecLib.framework/Versions/A/libvDSP.dylib
0x00007fff30219000 	/System/Library/Frameworks/Accelerate.framework/Versions/A/Frameworks/vecLib.framework/Versions/A/libBLAS.dylib
0x00007fff30774000 	/System/Library/Frameworks/Accelerate.framework/Versions/A/Frameworks/vecLib.framework/Versions/A/libLAPACK.dylib
0x00007fff30b1a000 	/System/Library/Frameworks/Accelerate.framework/Versions/A/Frameworks/vecLib.framework/Versions/A/libLinearAlgebra.dylib
0x00007fff30ba7000 	/System/Library/Frameworks/Accelerate.framework/Versions/A/Frameworks/vecLib.framework/Versions/A/libSparseBLAS.dylib
0x00007fff30b30000 	/System/Library/Frameworks/Accelerate.framework/Versions/A/Frameworks/vecLib.framework/Versions/A/libQuadrature.dylib
0x00007fff30483000 	/System/Library/Frameworks/Accelerate.framework/Versions/A/Frameworks/vecLib.framework/Versions/A/libBNNS.dylib
0x00007fff30b36000 	/System/Library/Frameworks/Accelerate.framework/Versions/A/Frameworks/vecLib.framework/Versions/A/libSparse.dylib
0x00007fff58ab7000 	/System/Library/PrivateFrameworks/LanguageModeling.framework/Versions/A/LanguageModeling
0x00007fff4b682000 	/System/Library/PrivateFrameworks/CoreEmoji.framework/Versions/A/CoreEmoji
0x00007fff58bd5000 	/System/Library/PrivateFrameworks/LinguisticData.framework/Versions/A/LinguisticData
0x00007fff58b86000 	/System/Library/PrivateFrameworks/Lexicon.framework/Versions/A/Lexicon
0x00007fff68691000 	/usr/lib/libcmph.dylib
0x00007fff3d0d2000 	/System/Library/Frameworks/OpenDirectory.framework/Versions/A/Frameworks/CFOpenDirectory.framework/Versions/A/CFOpenDirectory
0x00007fff3d0ef000 	/System/Library/Frameworks/OpenDirectory.framework/Versions/A/OpenDirectory
0x00007fff453bc000 	/System/Library/PrivateFrameworks/APFS.framework/Versions/A/APFS
0x00007fff40798000 	/System/Library/Frameworks/SecurityFoundation.framework/Versions/A/SecurityFoundation
0x00007fff6a74c000 	/usr/lib/libutil.dylib
0x00007fff4c96f000 	/System/Library/PrivateFrameworks/CoreServicesStore.framework/Versions/A/CoreServicesStore
0x00007fff40850000 	/System/Library/Frameworks/ServiceManagement.framework/Versions/A/ServiceManagement
0x00007fff488b2000 	/System/Library/PrivateFrameworks/BackgroundTaskManagement.framework/Versions/A/BackgroundTaskManagement
0x00007fff6a849000 	/usr/lib/libxslt.1.dylib
0x00007fff47760000 	/System/Library/PrivateFrameworks/AppleSystemInfo.framework/Versions/A/AppleSystemInfo
0x00007fff36f3b000 	/System/Library/Frameworks/ImageIO.framework/Versions/A/Resources/libJPEG.dylib
0x00007fff371fa000 	/System/Library/Frameworks/ImageIO.framework/Versions/A/Resources/libTIFF.dylib
0x00007fff371dd000 	/System/Library/Frameworks/ImageIO.framework/Versions/A/Resources/libPng.dylib
0x00007fff36e7c000 	/System/Library/Frameworks/ImageIO.framework/Versions/A/Resources/libGIF.dylib
0x00007fff36e80000 	/System/Library/Frameworks/ImageIO.framework/Versions/A/Resources/libJP2.dylib
0x00007fff371f8000 	/System/Library/Frameworks/ImageIO.framework/Versions/A/Resources/libRadiance.dylib
0x00007fff690cc000 	/usr/lib/libexpat.1.dylib
0x00007fff47256000 	/System/Library/PrivateFrameworks/AppleJPEG.framework/Versions/A/AppleJPEG
0x00007fff4fbe9000 	/System/Library/PrivateFrameworks/FontServices.framework/libFontParser.dylib
0x00007fff66a9e000 	/System/Library/PrivateFrameworks/WatchdogClient.framework/Versions/A/WatchdogClient
0x00007fff58144000 	/System/Library/PrivateFrameworks/IOAccelerator.framework/Versions/A/IOAccelerator
0x00007fff395b9000 	/System/Library/Frameworks/MetalPerformanceShaders.framework/Versions/A/MetalPerformanceShaders
0x00007fff54937000 	/System/Library/PrivateFrameworks/GPUWrangler.framework/Versions/A/GPUWrangler
0x00007fff5814f000 	/System/Library/PrivateFrameworks/IOPresentment.framework/Versions/A/IOPresentment
0x00007fff4d657000 	/System/Library/PrivateFrameworks/DSExternalDisplay.framework/Versions/A/DSExternalDisplay
0x00007fff3da58000 	/System/Library/Frameworks/OpenGL.framework/Versions/A/Libraries/libCoreFSCache.dylib
0x00007fff3930b000 	/System/Library/Frameworks/MetalPerformanceShaders.framework/Frameworks/MPSCore.framework/Versions/A/MPSCore
0x00007fff39348000 	/System/Library/Frameworks/MetalPerformanceShaders.framework/Frameworks/MPSImage.framework/Versions/A/MPSImage
0x00007fff3940a000 	/System/Library/Frameworks/MetalPerformanceShaders.framework/Frameworks/MPSNeuralNetwork.framework/Versions/A/MPSNeuralNetwork
0x00007fff393cf000 	/System/Library/Frameworks/MetalPerformanceShaders.framework/Frameworks/MPSMatrix.framework/Versions/A/MPSMatrix
0x00007fff3956a000 	/System/Library/Frameworks/MetalPerformanceShaders.framework/Frameworks/MPSRayIntersector.framework/Versions/A/MPSRayIntersector
0x00007fff393f4000 	/System/Library/Frameworks/MetalPerformanceShaders.framework/Frameworks/MPSNDArray.framework/Versions/A/MPSNDArray
0x00007fff59f81000 	/System/Library/PrivateFrameworks/MetalTools.framework/Versions/A/MetalTools
0x00007fff46581000 	/System/Library/PrivateFrameworks/AggregateDictionary.framework/Versions/A/AggregateDictionary
0x00007fff4b10c000 	/System/Library/PrivateFrameworks/CoreAnalytics.framework/Versions/A/CoreAnalytics
0x00007fff4767e000 	/System/Library/PrivateFrameworks/AppleSauce.framework/Versions/A/AppleSauce
0x00007fff6809e000 	/usr/lib/libIOReport.dylib
0x00007fff35e09000 	/System/Library/Frameworks/CoreVideo.framework/Versions/A/CoreVideo
0x00007fff55da5000 	/System/Library/PrivateFrameworks/GraphVisualizer.framework/Versions/A/GraphVisualizer
0x00007fff4f16a000 	/System/Library/PrivateFrameworks/FaceCore.framework/Versions/A/FaceCore
0x00007fff3d079000 	/System/Library/Frameworks/OpenCL.framework/Versions/A/OpenCL
0x00007fff67ec0000 	/usr/lib/libFosl_dynamic.dylib
0x00007fff5b42f000 	/System/Library/PrivateFrameworks/OTSVG.framework/Versions/A/OTSVG
0x00007fff31f06000 	/System/Library/Frameworks/ApplicationServices.framework/Versions/A/Frameworks/ATS.framework/Versions/A/Resources/libFontRegistry.dylib
0x00007fff4fdba000 	/System/Library/PrivateFrameworks/FontServices.framework/libhvf.dylib
0x00007fff3da63000 	/System/Library/Frameworks/OpenGL.framework/Versions/A/Libraries/libGFXShared.dylib
0x00007fff3dc40000 	/System/Library/Frameworks/OpenGL.framework/Versions/A/Libraries/libGLU.dylib
0x00007fff3da6c000 	/System/Library/Frameworks/OpenGL.framework/Versions/A/Libraries/libGL.dylib
0x00007fff3da77000 	/System/Library/Frameworks/OpenGL.framework/Versions/A/Libraries/libGLImage.dylib
0x00007fff3da55000 	/System/Library/Frameworks/OpenGL.framework/Versions/A/Libraries/libCVMSPluginSupport.dylib
0x00007fff3da5e000 	/System/Library/Frameworks/OpenGL.framework/Versions/A/Libraries/libCoreVMClient.dylib
0x00007fff69b23000 	/usr/lib/libncurses.5.4.dylib
0x00007fff31e02000 	/System/Library/Frameworks/ApplicationServices.framework/Versions/A/Frameworks/ATS.framework/Versions/A/ATS
0x00007fff31fcf000 	/System/Library/Frameworks/ApplicationServices.framework/Versions/A/Frameworks/ColorSyncLegacy.framework/Versions/A/ColorSyncLegacy
0x00007fff3206e000 	/System/Library/Frameworks/ApplicationServices.framework/Versions/A/Frameworks/HIServices.framework/Versions/A/HIServices
0x00007fff320c5000 	/System/Library/Frameworks/ApplicationServices.framework/Versions/A/Frameworks/LangAnalysis.framework/Versions/A/LangAnalysis
0x00007fff320d4000 	/System/Library/Frameworks/ApplicationServices.framework/Versions/A/Frameworks/PrintCore.framework/Versions/A/PrintCore
0x00007fff3211a000 	/System/Library/Frameworks/ApplicationServices.framework/Versions/A/Frameworks/QD.framework/Versions/A/QD
0x00007fff32125000 	/System/Library/Frameworks/ApplicationServices.framework/Versions/A/Frameworks/SpeechSynthesis.framework/Versions/A/SpeechSynthesis
0x00007fff31f9f000 	/System/Library/Frameworks/ApplicationServices.framework/Versions/A/Frameworks/ATSUI.framework/Versions/A/ATSUI
0x00007fff68f60000 	/usr/lib/libcups.2.dylib
0x00007fff38668000 	/System/Library/Frameworks/Kerberos.framework/Versions/A/Kerberos
0x00007fff368e8000 	/System/Library/Frameworks/GSS.framework/Versions/A/GSS
0x00007fff6a299000 	/usr/lib/libresolv.9.dylib
0x00007fff55f46000 	/System/Library/PrivateFrameworks/Heimdal.framework/Versions/A/Heimdal
0x00007fff3867b000 	/System/Library/Frameworks/Kerberos.framework/Versions/A/Libraries/libHeimdalProxy.dylib
0x00007fff6910a000 	/usr/lib/libheimdal-asn1.dylib
0x00007fff4a5b2000 	/System/Library/PrivateFrameworks/CommonAuth.framework/Versions/A/CommonAuth
0x00007fff477fd000 	/System/Library/PrivateFrameworks/AssertionServices.framework/Versions/A/AssertionServices
0x00007fff483a0000 	/System/Library/PrivateFrameworks/AudioToolboxCore.framework/Versions/A/AudioToolboxCore
0x00007fff676f8000 	/System/Library/PrivateFrameworks/caulk.framework/Versions/A/caulk
0x00007fff4895e000 	/System/Library/PrivateFrameworks/BaseBoard.framework/Versions/A/BaseBoard
0x00007fff5f554000 	/System/Library/PrivateFrameworks/RunningBoardServices.framework/Versions/A/RunningBoardServices
0x00007fff5c61d000 	/System/Library/PrivateFrameworks/PersistentConnection.framework/Versions/A/PersistentConnection
0x00007fff5efa3000 	/System/Library/PrivateFrameworks/ProtocolBuffer.framework/Versions/A/ProtocolBuffer
0x00007fff4a5d7000 	/System/Library/PrivateFrameworks/CommonUtilities.framework/Versions/A/CommonUtilities
0x00007fff48ae1000 	/System/Library/PrivateFrameworks/Bom.framework/Versions/A/Bom
0x00007fff67d6d000 	/usr/lib/libAudioToolboxUtility.dylib
0x00007fff488bc000 	/System/Library/PrivateFrameworks/Backup.framework/Versions/A/Backup
0x00007fff4d3c7000 	/System/Library/PrivateFrameworks/CrashReporterSupport.framework/Versions/A/CrashReporterSupport
0x00007fff61050000 	/System/Library/PrivateFrameworks/Sharing.framework/Versions/A/Sharing
0x00007fff46fa1000 	/System/Library/PrivateFrameworks/Apple80211.framework/Versions/A/Apple80211
0x00007fff485de000 	/System/Library/PrivateFrameworks/AuthKit.framework/Versions/A/AuthKit
0x00007fff4d0f7000 	/System/Library/PrivateFrameworks/CoreUtils.framework/Versions/A/CoreUtils
0x00007fff35e4e000 	/System/Library/Frameworks/CoreWLAN.framework/Versions/A/CoreWLAN
0x00007fff36a74000 	/System/Library/Frameworks/IOBluetooth.framework/Versions/A/IOBluetooth
0x00007fff5a27f000 	/System/Library/PrivateFrameworks/MobileKeyBag.framework/Versions/A/MobileKeyBag
0x00007fff4c1c2000 	/System/Library/PrivateFrameworks/CorePhoneNumbers.framework/Versions/A/CorePhoneNumbers
0x00007fff47209000 	/System/Library/PrivateFrameworks/AppleIDAuthSupport.framework/Versions/A/AppleIDAuthSupport
0x00007fff3a50d000 	/System/Library/Frameworks/Network.framework/Versions/A/Network
0x00007fff5893f000 	/System/Library/PrivateFrameworks/KeychainCircle.framework/Versions/A/KeychainCircle
0x00007fff338c2000 	/System/Library/Frameworks/CoreBluetooth.framework/Versions/A/CoreBluetooth
0x00007fff62ccc000 	/System/Library/PrivateFrameworks/SpeechRecognitionCore.framework/Versions/A/SpeechRecognitionCore
0x000000010ea00000 	/Library/Java/JavaVirtualMachines/jdk1.8.0_201.jdk/Contents/Home/jre/lib/server/libjvm.dylib
0x00007fff6a61e000 	/usr/lib/libstdc++.6.dylib
0x000000010d17d000 	/Library/Java/JavaVirtualMachines/jdk1.8.0_201.jdk/Contents/Home/jre/lib/libverify.dylib
0x000000010d18b000 	/Library/Java/JavaVirtualMachines/jdk1.8.0_201.jdk/Contents/Home/jre/lib/libjava.dylib
0x000000010d1ca000 	/Library/Java/JavaVirtualMachines/jdk1.8.0_201.jdk/Contents/Home/jre/lib/libzip.dylib
0x000000012ccfd000 	/Library/Java/JavaVirtualMachines/jdk1.8.0_201.jdk/Contents/Home/jre/lib/libmanagement.dylib
0x000000012d0ec000 	/Library/Java/JavaVirtualMachines/jdk1.8.0_201.jdk/Contents/Home/jre/lib/libnet.dylib
0x000000012cce6000 	/Library/Java/JavaVirtualMachines/jdk1.8.0_201.jdk/Contents/Home/jre/lib/libnio.dylib
0x000000012d05a000 	/Library/Java/JavaVirtualMachines/jdk1.8.0_201.jdk/Contents/Home/jre/lib/libosx.dylib
0x000000012d099000 	/Library/Java/JavaVirtualMachines/jdk1.8.0_201.jdk/Contents/Home/jre/lib/libosxapp.dylib
0x00007fff38651000 	/System/Library/Frameworks/JavaVM.framework/Versions/A/Frameworks/JavaNativeFoundation.framework/Versions/A/JavaNativeFoundation
0x00007fff3865a000 	/System/Library/Frameworks/JavaVM.framework/Versions/A/Frameworks/JavaRuntimeSupport.framework/Versions/A/JavaRuntimeSupport
0x00007fff32992000 	/System/Library/Frameworks/Carbon.framework/Versions/A/Carbon
0x00007fff36356000 	/System/Library/Frameworks/ExceptionHandling.framework/Versions/A/ExceptionHandling
0x00007fff32993000 	/System/Library/Frameworks/Carbon.framework/Versions/A/Frameworks/CommonPanels.framework/Versions/A/CommonPanels
0x00007fff32c8c000 	/System/Library/Frameworks/Carbon.framework/Versions/A/Frameworks/Help.framework/Versions/A/Help
0x00007fff32c90000 	/System/Library/Frameworks/Carbon.framework/Versions/A/Frameworks/ImageCapture.framework/Versions/A/ImageCapture
0x00007fff32c97000 	/System/Library/Frameworks/Carbon.framework/Versions/A/Frameworks/OpenScripting.framework/Versions/A/OpenScripting
0x00007fff32c96000 	/System/Library/Frameworks/Carbon.framework/Versions/A/Frameworks/Ink.framework/Versions/A/Ink
0x00007fff32cd2000 	/System/Library/Frameworks/Carbon.framework/Versions/A/Frameworks/Print.framework/Versions/A/Print
0x00007fff32cd3000 	/System/Library/Frameworks/Carbon.framework/Versions/A/Frameworks/SecurityHI.framework/Versions/A/SecurityHI
0x00007fff38663000 	/System/Library/Frameworks/JavaVM.framework/Versions/A/JavaVM
0x00007fff587a2000 	/System/Library/PrivateFrameworks/JavaLaunching.framework/Versions/A/JavaLaunching
0x00007fff4ceab000 	/System/Library/PrivateFrameworks/CoreSymbolication.framework/Versions/A/CoreSymbolication
0x00007fff4d78c000 	/System/Library/PrivateFrameworks/DebugSymbols.framework/Versions/A/DebugSymbols
0x000000012d73d000 	/Library/Java/JavaVirtualMachines/jdk1.8.0_201.jdk/Contents/Home/jre/lib/libawt.dylib
0x000000012d7e6000 	/Library/Java/JavaVirtualMachines/jdk1.8.0_201.jdk/Contents/Home/jre/lib/libmlib_image.dylib
0x000000012d8b2000 	/Library/Java/JavaVirtualMachines/jdk1.8.0_201.jdk/Contents/Home/jre/lib/libawt_lwawt.dylib
0x00007fff4c93b000 	/System/Library/PrivateFrameworks/CoreServicesInternal.framework/Versions/A/CoreServicesInternal
0x00007fff36375000 	/System/Library/Frameworks/FileProvider.framework/Versions/A/FileProvider
0x00007fff30e51000 	/System/Library/Frameworks/Accounts.framework/Versions/A/Accounts
0x00007fff54c5b000 	/System/Library/PrivateFrameworks/GenerationalStorage.framework/Versions/A/GenerationalStorage
0x00007fff63507000 	/System/Library/PrivateFrameworks/SymptomDiagnosticReporter.framework/Versions/A/SymptomDiagnosticReporter
0x00007fff46a92000 	/System/Library/PrivateFrameworks/AppContainer.framework/Versions/A/AppContainer
0x00007fff6a2b3000 	/usr/lib/libsandbox.1.dylib
0x00007fff65a37000 	/System/Library/PrivateFrameworks/UserManagement.framework/Versions/A/UserManagement
0x00007fff496a3000 	/System/Library/PrivateFrameworks/ChunkingLibrary.framework/Versions/A/ChunkingLibrary
0x00007fff46b04000 	/System/Library/PrivateFrameworks/AppSandbox.framework/Versions/A/AppSandbox
0x00007fff60eda000 	/System/Library/PrivateFrameworks/SecCodeWrapper.framework/Versions/A/SecCodeWrapper
0x00007fff68184000 	/usr/lib/libMatch.1.dylib
0x00007fff2846e000 	/System/Library/CoreServices/RawCamera.bundle/Contents/MacOS/RawCamera
0x00007fff5a0a9000 	/System/Library/PrivateFrameworks/MobileAsset.framework/Versions/A/MobileAsset
0x00007fff633b5000 	/System/Library/PrivateFrameworks/StreamingZip.framework/Versions/A/StreamingZip
0x00007fff38ae4000 	/System/Library/Frameworks/MediaToolbox.framework/Versions/A/MediaToolbox
0x00007fff4b0bb000 	/System/Library/PrivateFrameworks/CoreAVCHD.framework/Versions/A/CoreAVCHD
0x00007fff38a0e000 	/System/Library/Frameworks/MediaAccessibility.framework/Versions/A/MediaAccessibility
0x00007fff59474000 	/System/Library/PrivateFrameworks/Mangrove.framework/Versions/A/Mangrove
0x00007fff35018000 	/System/Library/Frameworks/CoreMedia.framework/Versions/A/CoreMedia
0x00007fff596e0000 	/System/Library/PrivateFrameworks/MediaExperience.framework/Versions/A/MediaExperience
0x00007fff418cd000 	/System/Library/Frameworks/VideoToolbox.framework/Versions/A/VideoToolbox
0x00007fff4ace5000 	/System/Library/PrivateFrameworks/CoreAUC.framework/Versions/A/CoreAUC
0x00007fff6a30b000 	/usr/lib/libspindump.dylib
0x00007fff47d4b000 	/System/Library/PrivateFrameworks/AudioResourceArbitration.framework/Versions/A/AudioResourceArbitration
0x00007fff47764000 	/System/Library/PrivateFrameworks/AppleVA.framework/Versions/A/AppleVA
0x00007fff2fb96000 	/System/Library/Frameworks/Accelerate.framework/Versions/A/Frameworks/vImage.framework/Versions/A/Libraries/libCGInterfaces.dylib
0x000000012d1bc000 	/usr/lib/libobjc-trampolines.dylib
0x00007fff4fd21000 	/System/Library/PrivateFrameworks/FontServices.framework/libTrueTypeScaler.dylib
0x00007fff2867d000 	/System/Library/Extensions/AMDMTLBronzeDriver.bundle/Contents/MacOS/AMDMTLBronzeDriver
0x00007fff5813a000 	/System/Library/PrivateFrameworks/IOAccelMemoryInfo.framework/Versions/A/IOAccelMemoryInfo
0x00007fff2cab7000 	/System/Library/Extensions/AppleIntelKBLGraphicsMTLDriver.bundle/Contents/MacOS/AppleIntelKBLGraphicsMTLDriver
0x00007fff5328f000 	/System/Library/PrivateFrameworks/GPUCompiler.framework/Versions/3902/Libraries/libmetal_timestamp.dylib
0x00007fff4f595000 	/System/Library/PrivateFrameworks/FamilyControls.framework/Versions/A/FamilyControls
0x00007fff4a5a6000 	/System/Library/PrivateFrameworks/CommerceKit.framework/Versions/A/Frameworks/CommerceCore.framework/Versions/A/CommerceCore
0x00007fff63582000 	/System/Library/PrivateFrameworks/SystemAdministration.framework/Versions/A/SystemAdministration
0x00007fff4db34000 	/System/Library/PrivateFrameworks/DiskManagement.framework/Versions/A/DiskManagement
0x00007fff3609f000 	/System/Library/Frameworks/DirectoryService.framework/Versions/A/DirectoryService
0x00007fff4da6b000 	/System/Library/PrivateFrameworks/DiskImages.framework/Versions/A/DiskImages
0x00007fff58c7d000 	/System/Library/PrivateFrameworks/LoginUIKit.framework/Versions/A/Frameworks/LoginUICore.framework/Versions/A/LoginUICore
0x00007fff67ded000 	/usr/lib/libCoreStorage.dylib
0x00007fff68f4d000 	/usr/lib/libcsfde.dylib
0x00007fff6a1c8000 	/usr/lib/libodfde.dylib
0x00007fff5976b000 	/System/Library/PrivateFrameworks/MediaKit.framework/Versions/A/MediaKit
0x00007fff360ab000 	/System/Library/Frameworks/DiscRecording.framework/Versions/A/DiscRecording
0x00007fff4dce3000 	/System/Library/PrivateFrameworks/EFILogin.framework/Versions/A/EFILogin
0x00007fff5ef48000 	/System/Library/PrivateFrameworks/ProtectedCloudStorage.framework/Versions/A/ProtectedCloudStorage
0x00007fff68fc1000 	/usr/lib/libcurl.4.dylib
0x00007fff68e46000 	/usr/lib/libcrypto.44.dylib
0x00007fff6a5ee000 	/usr/lib/libssl.46.dylib
0x00007fff3867c000 	/System/Library/Frameworks/LDAP.framework/Versions/A/LDAP
0x00007fff63f0f000 	/System/Library/PrivateFrameworks/TrustEvaluationAgent.framework/Versions/A/TrustEvaluationAgent
0x00007fff6a2f8000 	/usr/lib/libsasl2.2.dylib
0x00007fff4b3f6000 	/System/Library/PrivateFrameworks/CoreDaemon.framework/Versions/B/CoreDaemon
0x00007fff47679000 	/System/Library/PrivateFrameworks/AppleSRP.framework/Versions/A/AppleSRP
0x00007fff6680d000 	/System/Library/PrivateFrameworks/ViewBridge.framework/Versions/A/ViewBridge
0x00007fff67a4a000 	/System/Library/PrivateFrameworks/login.framework/Versions/A/login
0x00007fff3e6bc000 	/System/Library/Frameworks/OpenGL.framework/Versions/A/Resources/GLEngine.bundle/GLEngine
0x00007fff3daad000 	/System/Library/Frameworks/OpenGL.framework/Versions/A/Libraries/libGLProgrammability.dylib
0x00007fff2bc8e000 	/System/Library/Extensions/AppleIntelKBLGraphicsGLDriver.bundle/Contents/MacOS/AppleIntelKBLGraphicsGLDriver
0x00007fff5492b000 	/System/Library/PrivateFrameworks/GPUSupport.framework/Versions/A/Libraries/libGPUSupportMercury.dylib
0x000000012ffad000 	/System/Library/Extensions/AMDRadeonX4000GLDriver.bundle/Contents/MacOS/AMDRadeonX4000GLDriver
0x00007fff2879e000 	/System/Library/Extensions/AMDRadeonX4000GLDriver.bundle/Contents/MacOS/ATIRadeonX4000SCLib.dylib
0x00007fff29dc3000 	/System/Library/Extensions/AMDShared.bundle/Contents/PlugIns/libSC.dylib
0x00007fff3e836000 	/System/Library/Frameworks/OpenGL.framework/Versions/A/Resources/GLRendererFloat.bundle/GLRendererFloat
0x00007fff3d070000 	/System/Library/Frameworks/OpenCL.framework/Versions/A/Libraries/libcldcpuengine.dylib
0x00007fff68b45000 	/usr/lib/libcrypto.35.dylib
0x000000013025e000 	/Library/Java/JavaVirtualMachines/jdk1.8.0_201.jdk/Contents/Home/jre/lib/libfontmanager.dylib
0x00000001302e5000 	/Library/Java/JavaVirtualMachines/jdk1.8.0_201.jdk/Contents/Home/jre/lib/libosxui.dylib
0x00007fff55dd1000 	/System/Library/PrivateFrameworks/HDRProcessing.framework/Versions/A/HDRProcessing
0x00000001699f6000 	/Library/Java/JavaVirtualMachines/jdk1.8.0_201.jdk/Contents/Home/jre/lib/libdcpr.dylib
0x000000013266f000 	/Library/Java/JavaVirtualMachines/jdk1.8.0_201.jdk/Contents/Home/jre/lib/libsunec.dylib
0x00007fff6a6f0000 	/usr/lib/libusrtcp.dylib
0x00007fff61176000 	/System/Library/PrivateFrameworks/Shortcut.framework/Versions/A/Shortcut
0x00007fff569f3000 	/System/Library/PrivateFrameworks/HelpData.framework/Versions/A/HelpData

VM Arguments:
jvm_args: -Dapple.laf.useScreenMenuBar=true -Dapple.eawt.quitStrategy=CLOSE_ALL_WINDOWS 
java_command: /private/var/lib/private/engagements/cynergy/JMETER/cynergy/test/apache-jmeter-5.1.1/bin/ApacheJMeter.jar
java_class_path (initial): /private/var/lib/private/engagements/cynergy/JMETER/cynergy/test/apache-jmeter-5.1.1/bin/ApacheJMeter.jar
Launcher Type: SUN_STANDARD

Environment Variables:
JAVA_HOME=/Library/Java/JavaVirtualMachines/jdk1.8.0_201.jdk/Contents/Home
PATH=/usr/local/bin:/usr/bin:/bin:/usr/sbin:/sbin:/Library/apache-maven-3.6.0/bin:/usr/local/go/bin:/usr/local/wum/bin:/Library/apache-ant-1.10.5/bin:/usr/local/mysql/bin
SHELL=/bin/bash

Signal Handlers:
SIGSEGV: [libjvm.dylib+0x5b723d], sa_mask[0]=11111111011111110111111111111111, sa_flags=SA_ONSTACK|SA_RESTART|SA_SIGINFO
SIGBUS: [libjvm.dylib+0x5b723d], sa_mask[0]=11111111011111110111111111111111, sa_flags=SA_RESTART|SA_SIGINFO
SIGFPE: [libjvm.dylib+0x48c9bc], sa_mask[0]=11111111011111110111111111111111, sa_flags=SA_RESTART|SA_SIGINFO
SIGPIPE: [libjvm.dylib+0x48c9bc], sa_mask[0]=11111111011111110111111111111111, sa_flags=SA_RESTART|SA_SIGINFO
SIGXFSZ: [libjvm.dylib+0x48c9bc], sa_mask[0]=11111111011111110111111111111111, sa_flags=SA_RESTART|SA_SIGINFO
SIGILL: [libjvm.dylib+0x48c9bc], sa_mask[0]=11111111011111110111111111111111, sa_flags=SA_RESTART|SA_SIGINFO
SIGUSR1: SIG_DFL, sa_mask[0]=11011111011111100000000111000110, sa_flags=none
SIGUSR2: [libjvm.dylib+0x48c4da], sa_mask[0]=00000000000000000000000000000000, sa_flags=SA_RESTART|SA_SIGINFO
SIGHUP: [libjvm.dylib+0x48aa65], sa_mask[0]=11111111011111110111111111111111, sa_flags=SA_RESTART|SA_SIGINFO
SIGINT: [libjvm.dylib+0x48aa65], sa_mask[0]=11111111011111110111111111111111, sa_flags=SA_RESTART|SA_SIGINFO
SIGTERM: [libjvm.dylib+0x48aa65], sa_mask[0]=11111111011111110111111111111111, sa_flags=SA_RESTART|SA_SIGINFO
SIGQUIT: [libjvm.dylib+0x48aa65], sa_mask[0]=11111111011111110111111111111111, sa_flags=SA_RESTART|SA_SIGINFO


---------------  S Y S T E M  ---------------

OS:Bsduname:Darwin 19.3.0 Darwin Kernel Version 19.3.0: Thu Jan  9 20:58:23 PST 2020; root:xnu-6153.81.5~1/RELEASE_X86_64 x86_64
rlimit: STACK 8192k, CORE 0k, NPROC 2784, NOFILE 10240, AS infinity
load average:1.87 1.99 2.00

CPU:total 12 (initial active 12) (6 cores per cpu, 2 threads per core) family 6 model 158 stepping 10, cmov, cx8, fxsr, mmx, sse, sse2, sse3, ssse3, sse4.1, sse4.2, popcnt, avx, avx2, aes, clmul, erms, rtm, 3dnowpref, lzcnt, ht, tsc, tscinvbit, bmi1, bmi2, adx

Memory: 4k page, physical 16777216k(1508980k free)

/proc/meminfo:


vm_info: Java HotSpot(TM) 64-Bit Server VM (25.201-b09) for bsd-amd64 JRE (1.8.0_201-b09), built on Dec 15 2018 18:35:23 by "java_re" with gcc 4.2.1 (Based on Apple Inc. build 5658) (LLVM build 2336.11.00)

time: Thu Mar  5 11:01:35 2020
timezone: GMT
elapsed time: 211102 seconds (2d 10h 38m 22s)

